# JRE version: OpenJDK Runtime Environment (8.0_152-b01) (build 1.8.0_152-release-915-b01)
# Java VM: OpenJDK 64-Bit Server VM (25.152-b01 mixed mode windows-amd64 compressed oops)
Heap:
 PSYoungGen      total 152064K, used 98420K [0x00000000e0000000, 0x00000000eab80000, 0x0000000100000000)
  eden space 133120K, 73% used [0x00000000e0000000,0x00000000e601d3f0,0x00000000e8200000)
  from space 18944K, 0% used [0x00000000e8200000,0x00000000e8200000,0x00000000e9480000)
  to   space 14848K, 0% used [0x00000000e9480000,0x00000000e9480000,0x00000000ea300000)
 ParOldGen       total 61440K, used 34658K [0x00000000a0000000, 0x00000000a3c00000, 0x00000000e0000000)
  object space 61440K, 56% used [0x00000000a0000000,0x00000000a21d8b18,0x00000000a3c00000)
 Metaspace       used 62692K, capacity 64698K, committed 64856K, reserved 1105920K
  class space    used 8354K, capacity 8800K, committed 8832K, reserved 1048576K
GC Heap History (10 events):
Event: 12.201 GC heap before
{Heap before GC invocations=12 (full 2):
 PSYoungGen      total 103936K, used 93696K [0x00000000e0000000, 0x00000000e8b80000, 0x0000000100000000)
  eden space 93696K, 100% used [0x00000000e0000000,0x00000000e5b80000,0x00000000e5b80000)
  from space 10240K, 0% used [0x00000000e5b80000,0x00000000e5b80000,0x00000000e6580000)
  to   space 11264K, 0% used [0x00000000e8080000,0x00000000e8080000,0x00000000e8b80000)
 ParOldGen       total 61440K, used 15801K [0x00000000a0000000, 0x00000000a3c00000, 0x00000000e0000000)
  object space 61440K, 25% used [0x00000000a0000000,0x00000000a0f6e498,0x00000000a3c00000)
 Metaspace       used 40701K, capacity 41500K, committed 41816K, reserved 1085440K
  class space    used 5393K, capacity 5676K, committed 5760K, reserved 1048576K
Event: 12.222 GC heap after
Heap after GC invocations=12 (full 2):
 PSYoungGen      total 124416K, used 10190K [0x00000000e0000000, 0x00000000e8a80000, 0x0000000100000000)
  eden space 114176K, 0% used [0x00000000e0000000,0x00000000e0000000,0x00000000e6f80000)
  from space 10240K, 99% used [0x00000000e8080000,0x00000000e8a73940,0x00000000e8a80000)
  to   space 12800K, 0% used [0x00000000e7180000,0x00000000e7180000,0x00000000e7e00000)
 ParOldGen       total 61440K, used 15809K [0x00000000a0000000, 0x00000000a3c00000, 0x00000000e0000000)
  object space 61440K, 25% used [0x00000000a0000000,0x00000000a0f70498,0x00000000a3c00000)
 Metaspace       used 40701K, capacity 41500K, committed 41816K, reserved 1085440K
  class space    used 5393K, capacity 5676K, committed 5760K, reserved 1048576K
}
Event: 15.869 GC heap before
{Heap before GC invocations=13 (full 2):
 PSYoungGen      total 124416K, used 124366K [0x00000000e0000000, 0x00000000e8a80000, 0x0000000100000000)
  eden space 114176K, 100% used [0x00000000e0000000,0x00000000e6f80000,0x00000000e6f80000)
  from space 10240K, 99% used [0x00000000e8080000,0x00000000e8a73940,0x00000000e8a80000)
  to   space 12800K, 0% used [0x00000000e7180000,0x00000000e7180000,0x00000000e7e00000)
 ParOldGen       total 61440K, used 15809K [0x00000000a0000000, 0x00000000a3c00000, 0x00000000e0000000)
  object space 61440K, 25% used [0x00000000a0000000,0x00000000a0f70498,0x00000000a3c00000)
 Metaspace       used 46368K, capacity 47340K, committed 47448K, reserved 1089536K
  class space    used 6173K, capacity 6513K, committed 6528K, reserved 1048576K
Event: 15.891 GC heap after
Heap after GC invocations=13 (full 2):
 PSYoungGen      total 129024K, used 12776K [0x00000000e0000000, 0x00000000ea300000, 0x0000000100000000)
  eden space 116224K, 0% used [0x00000000e0000000,0x00000000e0000000,0x00000000e7180000)
  from space 12800K, 99% used [0x00000000e7180000,0x00000000e7dfa3d8,0x00000000e7e00000)
  to   space 14848K, 0% used [0x00000000e9480000,0x00000000e9480000,0x00000000ea300000)
 ParOldGen       total 61440K, used 17136K [0x00000000a0000000, 0x00000000a3c00000, 0x00000000e0000000)
  object space 61440K, 27% used [0x00000000a0000000,0x00000000a10bc0e0,0x00000000a3c00000)
 Metaspace       used 46368K, capacity 47340K, committed 47448K, reserved 1089536K
  class space    used 6173K, capacity 6513K, committed 6528K, reserved 1048576K
}
Event: 23.325 GC heap before
{Heap before GC invocations=14 (full 2):
 PSYoungGen      total 129024K, used 129000K [0x00000000e0000000, 0x00000000ea300000, 0x0000000100000000)
  eden space 116224K, 100% used [0x00000000e0000000,0x00000000e7180000,0x00000000e7180000)
  from space 12800K, 99% used [0x00000000e7180000,0x00000000e7dfa3d8,0x00000000e7e00000)
  to   space 14848K, 0% used [0x00000000e9480000,0x00000000e9480000,0x00000000ea300000)
 ParOldGen       total 61440K, used 17136K [0x00000000a0000000, 0x00000000a3c00000, 0x00000000e0000000)
  object space 61440K, 27% used [0x00000000a0000000,0x00000000a10bc0e0,0x00000000a3c00000)
 Metaspace       used 52840K, capacity 54520K, committed 54616K, reserved 1095680K
  class space    used 7124K, capacity 7543K, committed 7552K, reserved 1048576K
Event: 23.361 GC heap after
Heap after GC invocations=14 (full 2):
 PSYoungGen      total 147968K, used 14846K [0x00000000e0000000, 0x00000000eab80000, 0x0000000100000000)
  eden space 133120K, 0% used [0x00000000e0000000,0x00000000e0000000,0x00000000e8200000)
  from space 14848K, 99% used [0x00000000e9480000,0x00000000ea2ff9f0,0x00000000ea300000)
  to   space 18944K, 0% used [0x00000000e8200000,0x00000000e8200000,0x00000000e9480000)
 ParOldGen       total 61440K, used 22576K [0x00000000a0000000, 0x00000000a3c00000, 0x00000000e0000000)
  object space 61440K, 36% used [0x00000000a0000000,0x00000000a160c078,0x00000000a3c00000)
 Metaspace       used 52840K, capacity 54520K, committed 54616K, reserved 1095680K
  class space    used 7124K, capacity 7543K, committed 7552K, reserved 1048576K
}
Event: 42.450 GC heap before
{Heap before GC invocations=15 (full 2):
 PSYoungGen      total 147968K, used 82020K [0x00000000e0000000, 0x00000000eab80000, 0x0000000100000000)
  eden space 133120K, 50% used [0x00000000e0000000,0x00000000e41999b8,0x00000000e8200000)
  from space 14848K, 99% used [0x00000000e9480000,0x00000000ea2ff9f0,0x00000000ea300000)
  to   space 18944K, 0% used [0x00000000e8200000,0x00000000e8200000,0x00000000e9480000)
 ParOldGen       total 61440K, used 22576K [0x00000000a0000000, 0x00000000a3c00000, 0x00000000e0000000)
  object space 61440K, 36% used [0x00000000a0000000,0x00000000a160c078,0x00000000a3c00000)
 Metaspace       used 57067K, capacity 58860K, committed 59028K, reserved 1099776K
  class space    used 7698K, capacity 8135K, committed 8192K, reserved 1048576K
Event: 42.479 GC heap after
Heap after GC invocations=15 (full 2):
 PSYoungGen      total 152064K, used 18926K [0x00000000e0000000, 0x00000000eab80000, 0x0000000100000000)
  eden space 133120K, 0% used [0x00000000e0000000,0x00000000e0000000,0x00000000e8200000)
  from space 18944K, 99% used [0x00000000e8200000,0x00000000e947ba30,0x00000000e9480000)
  to   space 14848K, 0% used [0x00000000e9480000,0x00000000e9480000,0x00000000ea300000)
 ParOldGen       total 61440K, used 24290K [0x00000000a0000000, 0x00000000a3c00000, 0x00000000e0000000)
  object space 61440K, 39% used [0x00000000a0000000,0x00000000a17b8af8,0x00000000a3c00000)
 Metaspace       used 57067K, capacity 58860K, committed 59028K, reserved 1099776K
  class space    used 7698K, capacity 8135K, committed 8192K, reserved 1048576K
}
Event: 42.479 GC heap before
{Heap before GC invocations=16 (full 3):
 PSYoungGen      total 152064K, used 18926K [0x00000000e0000000, 0x00000000eab80000, 0x0000000100000000)
  eden space 133120K, 0% used [0x00000000e0000000,0x00000000e0000000,0x00000000e8200000)
  from space 18944K, 99% used [0x00000000e8200000,0x00000000e947ba30,0x00000000e9480000)
  to   space 14848K, 0% used [0x00000000e9480000,0x00000000e9480000,0x00000000ea300000)
 ParOldGen       total 61440K, used 24290K [0x00000000a0000000, 0x00000000a3c00000, 0x00000000e0000000)
  object space 61440K, 39% used [0x00000000a0000000,0x00000000a17b8af8,0x00000000a3c00000)
 Metaspace       used 57067K, capacity 58860K, committed 59028K, reserved 1099776K
  class space    used 7698K, capacity 8135K, committed 8192K, reserved 1048576K
Event: 42.814 GC heap after
Heap after GC invocations=16 (full 3):
 PSYoungGen      total 152064K, used 0K [0x00000000e0000000, 0x00000000eab80000, 0x0000000100000000)
  eden space 133120K, 0% used [0x00000000e0000000,0x00000000e0000000,0x00000000e8200000)
  from space 18944K, 0% used [0x00000000e8200000,0x00000000e8200000,0x00000000e9480000)
  to   space 14848K, 0% used [0x00000000e9480000,0x00000000e9480000,0x00000000ea300000)
 ParOldGen       total 61440K, used 34658K [0x00000000a0000000, 0x00000000a3c00000, 0x00000000e0000000)
  object space 61440K, 56% used [0x00000000a0000000,0x00000000a21d8b18,0x00000000a3c00000)
 Metaspace       used 57067K, capacity 58860K, committed 59028K, reserved 1099776K
  class space    used 7698K, capacity 8135K, committed 8192K, reserved 1048576K
}

