# JRE version: OpenJDK Runtime Environment (8.0_152-b01) (build 1.8.0_152-release-915-b01)
# Java VM: OpenJDK 64-Bit Server VM (25.152-b01 mixed mode windows-amd64 compressed oops)
Heap:
 PSYoungGen      total 88576K, used 15276K [0x00000000e0000000, 0x00000000e6200000, 0x0000000100000000)
  eden space 76800K, 19% used [0x00000000e0000000,0x00000000e0eeb330,0x00000000e4b00000)
  from space 11776K, 0% used [0x00000000e5680000,0x00000000e5680000,0x00000000e6200000)
  to   space 11776K, 0% used [0x00000000e4b00000,0x00000000e4b00000,0x00000000e5680000)
 ParOldGen       total 96256K, used 30401K [0x00000000a0000000, 0x00000000a5e00000, 0x00000000e0000000)
  object space 96256K, 31% used [0x00000000a0000000,0x00000000a1db07f0,0x00000000a5e00000)
 Metaspace       used 57766K, capacity 59544K, committed 59736K, reserved 1101824K
  class space    used 7629K, capacity 8037K, committed 8064K, reserved 1048576K
GC Heap History (10 events):
Event: 41.911 GC heap before
{Heap before GC invocations=23 (full 2):
 PSYoungGen      total 74752K, used 72244K [0x00000000e0000000, 0x00000000e5200000, 0x0000000100000000)
  eden space 67584K, 100% used [0x00000000e0000000,0x00000000e4200000,0x00000000e4200000)
  from space 7168K, 65% used [0x00000000e4b00000,0x00000000e4f8d128,0x00000000e5200000)
  to   space 8192K, 0% used [0x00000000e4200000,0x00000000e4200000,0x00000000e4a00000)
 ParOldGen       total 55808K, used 23683K [0x00000000a0000000, 0x00000000a3680000, 0x00000000e0000000)
  object space 55808K, 42% used [0x00000000a0000000,0x00000000a1720e98,0x00000000a3680000)
 Metaspace       used 52026K, capacity 53570K, committed 53720K, reserved 1095680K
  class space    used 7015K, capacity 7418K, committed 7424K, reserved 1048576K
Event: 41.928 GC heap after
Heap after GC invocations=23 (full 2):
 PSYoungGen      total 75776K, used 8183K [0x00000000e0000000, 0x00000000e5b00000, 0x0000000100000000)
  eden space 67584K, 0% used [0x00000000e0000000,0x00000000e0000000,0x00000000e4200000)
  from space 8192K, 99% used [0x00000000e4200000,0x00000000e49fdfd0,0x00000000e4a00000)
  to   space 9728K, 0% used [0x00000000e5180000,0x00000000e5180000,0x00000000e5b00000)
 ParOldGen       total 55808K, used 24357K [0x00000000a0000000, 0x00000000a3680000, 0x00000000e0000000)
  object space 55808K, 43% used [0x00000000a0000000,0x00000000a17c97c0,0x00000000a3680000)
 Metaspace       used 52026K, capacity 53570K, committed 53720K, reserved 1095680K
  class space    used 7015K, capacity 7418K, committed 7424K, reserved 1048576K
}
Event: 45.285 GC heap before
{Heap before GC invocations=24 (full 2):
 PSYoungGen      total 75776K, used 75767K [0x00000000e0000000, 0x00000000e5b00000, 0x0000000100000000)
  eden space 67584K, 100% used [0x00000000e0000000,0x00000000e4200000,0x00000000e4200000)
  from space 8192K, 99% used [0x00000000e4200000,0x00000000e49fdfd0,0x00000000e4a00000)
  to   space 9728K, 0% used [0x00000000e5180000,0x00000000e5180000,0x00000000e5b00000)
 ParOldGen       total 55808K, used 24357K [0x00000000a0000000, 0x00000000a3680000, 0x00000000e0000000)
  object space 55808K, 43% used [0x00000000a0000000,0x00000000a17c97c0,0x00000000a3680000)
 Metaspace       used 53757K, capacity 55336K, committed 55512K, reserved 1097728K
  class space    used 7199K, capacity 7593K, committed 7680K, reserved 1048576K
Event: 45.308 GC heap after
Heap after GC invocations=24 (full 2):
 PSYoungGen      total 80384K, used 9712K [0x00000000e0000000, 0x00000000e6100000, 0x0000000100000000)
  eden space 70656K, 0% used [0x00000000e0000000,0x00000000e0000000,0x00000000e4500000)
  from space 9728K, 99% used [0x00000000e5180000,0x00000000e5afc010,0x00000000e5b00000)
  to   space 12800K, 0% used [0x00000000e4500000,0x00000000e4500000,0x00000000e5180000)
 ParOldGen       total 55808K, used 28981K [0x00000000a0000000, 0x00000000a3680000, 0x00000000e0000000)
  object space 55808K, 51% used [0x00000000a0000000,0x00000000a1c4d4f0,0x00000000a3680000)
 Metaspace       used 53757K, capacity 55336K, committed 55512K, reserved 1097728K
  class space    used 7199K, capacity 7593K, committed 7680K, reserved 1048576K
}
Event: 55.082 GC heap before
{Heap before GC invocations=25 (full 2):
 PSYoungGen      total 80384K, used 80368K [0x00000000e0000000, 0x00000000e6100000, 0x0000000100000000)
  eden space 70656K, 100% used [0x00000000e0000000,0x00000000e4500000,0x00000000e4500000)
  from space 9728K, 99% used [0x00000000e5180000,0x00000000e5afc010,0x00000000e5b00000)
  to   space 12800K, 0% used [0x00000000e4500000,0x00000000e4500000,0x00000000e5180000)
 ParOldGen       total 55808K, used 28981K [0x00000000a0000000, 0x00000000a3680000, 0x00000000e0000000)
  object space 55808K, 51% used [0x00000000a0000000,0x00000000a1c4d4f0,0x00000000a3680000)
 Metaspace       used 56700K, capacity 58328K, committed 58584K, reserved 1099776K
  class space    used 7489K, capacity 7907K, committed 7936K, reserved 1048576K
Event: 55.103 GC heap after
Heap after GC invocations=25 (full 2):
 PSYoungGen      total 83456K, used 5055K [0x00000000e0000000, 0x00000000e6280000, 0x0000000100000000)
  eden space 70656K, 0% used [0x00000000e0000000,0x00000000e0000000,0x00000000e4500000)
  from space 12800K, 39% used [0x00000000e4500000,0x00000000e49efef8,0x00000000e5180000)
  to   space 12288K, 0% used [0x00000000e5680000,0x00000000e5680000,0x00000000e6280000)
 ParOldGen       total 55808K, used 38567K [0x00000000a0000000, 0x00000000a3680000, 0x00000000e0000000)
  object space 55808K, 69% used [0x00000000a0000000,0x00000000a25a9dc8,0x00000000a3680000)
 Metaspace       used 56700K, capacity 58328K, committed 58584K, reserved 1099776K
  class space    used 7489K, capacity 7907K, committed 7936K, reserved 1048576K
}
Event: 57.203 GC heap before
{Heap before GC invocations=26 (full 2):
 PSYoungGen      total 83456K, used 44828K [0x00000000e0000000, 0x00000000e6280000, 0x0000000100000000)
  eden space 70656K, 56% used [0x00000000e0000000,0x00000000e26d71c0,0x00000000e4500000)
  from space 12800K, 39% used [0x00000000e4500000,0x00000000e49efef8,0x00000000e5180000)
  to   space 12288K, 0% used [0x00000000e5680000,0x00000000e5680000,0x00000000e6280000)
 ParOldGen       total 55808K, used 38567K [0x00000000a0000000, 0x00000000a3680000, 0x00000000e0000000)
  object space 55808K, 69% used [0x00000000a0000000,0x00000000a25a9dc8,0x00000000a3680000)
 Metaspace       used 57191K, capacity 58830K, committed 58968K, reserved 1099776K
  class space    used 7556K, capacity 7958K, committed 8064K, reserved 1048576K
Event: 57.214 GC heap after
Heap after GC invocations=26 (full 2):
 PSYoungGen      total 88576K, used 5170K [0x00000000e0000000, 0x00000000e6200000, 0x0000000100000000)
  eden space 76800K, 0% used [0x00000000e0000000,0x00000000e0000000,0x00000000e4b00000)
  from space 11776K, 43% used [0x00000000e5680000,0x00000000e5b8cbc8,0x00000000e6200000)
  to   space 11776K, 0% used [0x00000000e4b00000,0x00000000e4b00000,0x00000000e5680000)
 ParOldGen       total 55808K, used 38575K [0x00000000a0000000, 0x00000000a3680000, 0x00000000e0000000)
  object space 55808K, 69% used [0x00000000a0000000,0x00000000a25abdc8,0x00000000a3680000)
 Metaspace       used 57191K, capacity 58830K, committed 58968K, reserved 1099776K
  class space    used 7556K, capacity 7958K, committed 8064K, reserved 1048576K
}
Event: 57.215 GC heap before
{Heap before GC invocations=27 (full 3):
 PSYoungGen      total 88576K, used 5170K [0x00000000e0000000, 0x00000000e6200000, 0x0000000100000000)
  eden space 76800K, 0% used [0x00000000e0000000,0x00000000e0000000,0x00000000e4b00000)
  from space 11776K, 43% used [0x00000000e5680000,0x00000000e5b8cbc8,0x00000000e6200000)
  to   space 11776K, 0% used [0x00000000e4b00000,0x00000000e4b00000,0x00000000e5680000)
 ParOldGen       total 55808K, used 38575K [0x00000000a0000000, 0x00000000a3680000, 0x00000000e0000000)
  object space 55808K, 69% used [0x00000000a0000000,0x00000000a25abdc8,0x00000000a3680000)
 Metaspace       used 57191K, capacity 58830K, committed 58968K, reserved 1099776K
  class space    used 7556K, capacity 7958K, committed 8064K, reserved 1048576K
Event: 57.613 GC heap after
Heap after GC invocations=27 (full 3):
 PSYoungGen      total 88576K, used 0K [0x00000000e0000000, 0x00000000e6200000, 0x0000000100000000)
  eden space 76800K, 0% used [0x00000000e0000000,0x00000000e0000000,0x00000000e4b00000)
  from space 11776K, 0% used [0x00000000e5680000,0x00000000e5680000,0x00000000e6200000)
  to   space 11776K, 0% used [0x00000000e4b00000,0x00000000e4b00000,0x00000000e5680000)
 ParOldGen       total 96256K, used 30401K [0x00000000a0000000, 0x00000000a5e00000, 0x00000000e0000000)
  object space 96256K, 31% used [0x00000000a0000000,0x00000000a1db07f0,0x00000000a5e00000)
 Metaspace       used 57191K, capacity 58830K, committed 58968K, reserved 1099776K
  class space    used 7556K, capacity 7958K, committed 8064K, reserved 1048576K
}

