# JRE version: OpenJDK Runtime Environment (8.0_152-b01) (build 1.8.0_152-release-915-b01)
# Java VM: OpenJDK 64-Bit Server VM (25.152-b01 mixed mode windows-amd64 compressed oops)
Heap:
 PSYoungGen      total 108544K, used 84718K [0x00000000e0000000, 0x00000000e7d00000, 0x0000000100000000)
  eden space 94208K, 78% used [0x00000000e0000000,0x00000000e4866668,0x00000000e5c00000)
  from space 14336K, 73% used [0x00000000e6e80000,0x00000000e78d5230,0x00000000e7c80000)
  to   space 16896K, 0% used [0x00000000e5c00000,0x00000000e5c00000,0x00000000e6c80000)
 ParOldGen       total 98304K, used 68276K [0x00000000a0000000, 0x00000000a6000000, 0x00000000e0000000)
  object space 98304K, 69% used [0x00000000a0000000,0x00000000a42ad200,0x00000000a6000000)
 Metaspace       used 66245K, capacity 68590K, committed 68824K, reserved 1110016K
  class space    used 8634K, capacity 9180K, committed 9216K, reserved 1048576K
GC Heap History (10 events):
Event: 35.775 GC heap before
{Heap before GC invocations=25 (full 2):
 PSYoungGen      total 88576K, used 53631K [0x00000000e0000000, 0x00000000e6280000, 0x0000000100000000)
  eden space 80384K, 56% used [0x00000000e0000000,0x00000000e2c67de8,0x00000000e4e80000)
  from space 8192K, 99% used [0x00000000e5800000,0x00000000e5ff8020,0x00000000e6000000)
  to   space 9728K, 0% used [0x00000000e4e80000,0x00000000e4e80000,0x00000000e5800000)
 ParOldGen       total 55808K, used 27014K [0x00000000a0000000, 0x00000000a3680000, 0x00000000e0000000)
  object space 55808K, 48% used [0x00000000a0000000,0x00000000a1a619b8,0x00000000a3680000)
 Metaspace       used 57151K, capacity 58846K, committed 59028K, reserved 1099776K
  class space    used 7649K, capacity 8132K, committed 8192K, reserved 1048576K
Event: 35.805 GC heap after
Heap after GC invocations=25 (full 2):
 PSYoungGen      total 90112K, used 9714K [0x00000000e0000000, 0x00000000e7c80000, 0x0000000100000000)
  eden space 80384K, 0% used [0x00000000e0000000,0x00000000e0000000,0x00000000e4e80000)
  from space 9728K, 99% used [0x00000000e4e80000,0x00000000e57fcb68,0x00000000e5800000)
  to   space 14336K, 0% used [0x00000000e6e80000,0x00000000e6e80000,0x00000000e7c80000)
 ParOldGen       total 55808K, used 36102K [0x00000000a0000000, 0x00000000a3680000, 0x00000000e0000000)
  object space 55808K, 64% used [0x00000000a0000000,0x00000000a2341830,0x00000000a3680000)
 Metaspace       used 57151K, capacity 58846K, committed 59028K, reserved 1099776K
  class space    used 7649K, capacity 8132K, committed 8192K, reserved 1048576K
}
Event: 35.805 GC heap before
{Heap before GC invocations=26 (full 3):
 PSYoungGen      total 90112K, used 9714K [0x00000000e0000000, 0x00000000e7c80000, 0x0000000100000000)
  eden space 80384K, 0% used [0x00000000e0000000,0x00000000e0000000,0x00000000e4e80000)
  from space 9728K, 99% used [0x00000000e4e80000,0x00000000e57fcb68,0x00000000e5800000)
  to   space 14336K, 0% used [0x00000000e6e80000,0x00000000e6e80000,0x00000000e7c80000)
 ParOldGen       total 55808K, used 36102K [0x00000000a0000000, 0x00000000a3680000, 0x00000000e0000000)
  object space 55808K, 64% used [0x00000000a0000000,0x00000000a2341830,0x00000000a3680000)
 Metaspace       used 57151K, capacity 58846K, committed 59028K, reserved 1099776K
  class space    used 7649K, capacity 8132K, committed 8192K, reserved 1048576K
Event: 36.209 GC heap after
Heap after GC invocations=26 (full 3):
 PSYoungGen      total 90112K, used 0K [0x00000000e0000000, 0x00000000e7c80000, 0x0000000100000000)
  eden space 80384K, 0% used [0x00000000e0000000,0x00000000e0000000,0x00000000e4e80000)
  from space 9728K, 0% used [0x00000000e4e80000,0x00000000e4e80000,0x00000000e5800000)
  to   space 14336K, 0% used [0x00000000e6e80000,0x00000000e6e80000,0x00000000e7c80000)
 ParOldGen       total 98304K, used 40596K [0x00000000a0000000, 0x00000000a6000000, 0x00000000e0000000)
  object space 98304K, 41% used [0x00000000a0000000,0x00000000a27a5068,0x00000000a6000000)
 Metaspace       used 57151K, capacity 58846K, committed 59028K, reserved 1099776K
  class space    used 7649K, capacity 8132K, committed 8192K, reserved 1048576K
}
Event: 42.078 GC heap before
{Heap before GC invocations=27 (full 3):
 PSYoungGen      total 90112K, used 80384K [0x00000000e0000000, 0x00000000e7c80000, 0x0000000100000000)
  eden space 80384K, 100% used [0x00000000e0000000,0x00000000e4e80000,0x00000000e4e80000)
  from space 9728K, 0% used [0x00000000e4e80000,0x00000000e4e80000,0x00000000e5800000)
  to   space 14336K, 0% used [0x00000000e6e80000,0x00000000e6e80000,0x00000000e7c80000)
 ParOldGen       total 98304K, used 40596K [0x00000000a0000000, 0x00000000a6000000, 0x00000000e0000000)
  object space 98304K, 41% used [0x00000000a0000000,0x00000000a27a5068,0x00000000a6000000)
 Metaspace       used 61765K, capacity 63740K, committed 63960K, reserved 1103872K
  class space    used 8116K, capacity 8583K, committed 8704K, reserved 1048576K
Event: 42.111 GC heap after
Heap after GC invocations=27 (full 3):
 PSYoungGen      total 108544K, used 14174K [0x00000000e0000000, 0x00000000e7d00000, 0x0000000100000000)
  eden space 94208K, 0% used [0x00000000e0000000,0x00000000e0000000,0x00000000e5c00000)
  from space 14336K, 98% used [0x00000000e6e80000,0x00000000e7c57ac8,0x00000000e7c80000)
  to   space 16896K, 0% used [0x00000000e5c00000,0x00000000e5c00000,0x00000000e6c80000)
 ParOldGen       total 98304K, used 52794K [0x00000000a0000000, 0x00000000a6000000, 0x00000000e0000000)
  object space 98304K, 53% used [0x00000000a0000000,0x00000000a338ea08,0x00000000a6000000)
 Metaspace       used 61765K, capacity 63740K, committed 63960K, reserved 1103872K
  class space    used 8116K, capacity 8583K, committed 8704K, reserved 1048576K
}
Event: 43.036 GC heap before
{Heap before GC invocations=28 (full 3):
 PSYoungGen      total 108544K, used 108382K [0x00000000e0000000, 0x00000000e7d00000, 0x0000000100000000)
  eden space 94208K, 100% used [0x00000000e0000000,0x00000000e5c00000,0x00000000e5c00000)
  from space 14336K, 98% used [0x00000000e6e80000,0x00000000e7c57ac8,0x00000000e7c80000)
  to   space 16896K, 0% used [0x00000000e5c00000,0x00000000e5c00000,0x00000000e6c80000)
 ParOldGen       total 98304K, used 52794K [0x00000000a0000000, 0x00000000a6000000, 0x00000000e0000000)
  object space 98304K, 53% used [0x00000000a0000000,0x00000000a338ea08,0x00000000a6000000)
 Metaspace       used 62277K, capacity 64252K, committed 64472K, reserved 1105920K
  class space    used 8169K, capacity 8647K, committed 8704K, reserved 1048576K
Event: 43.061 GC heap after
Heap after GC invocations=28 (full 3):
 PSYoungGen      total 111104K, used 16872K [0x00000000e0000000, 0x00000000e7d00000, 0x0000000100000000)
  eden space 94208K, 0% used [0x00000000e0000000,0x00000000e0000000,0x00000000e5c00000)
  from space 16896K, 99% used [0x00000000e5c00000,0x00000000e6c7a288,0x00000000e6c80000)
  to   space 14336K, 0% used [0x00000000e6e80000,0x00000000e6e80000,0x00000000e7c80000)
 ParOldGen       total 98304K, used 56476K [0x00000000a0000000, 0x00000000a6000000, 0x00000000e0000000)
  object space 98304K, 57% used [0x00000000a0000000,0x00000000a37272e8,0x00000000a6000000)
 Metaspace       used 62277K, capacity 64252K, committed 64472K, reserved 1105920K
  class space    used 8169K, capacity 8647K, committed 8704K, reserved 1048576K
}
Event: 45.165 GC heap before
{Heap before GC invocations=29 (full 3):
 PSYoungGen      total 111104K, used 111080K [0x00000000e0000000, 0x00000000e7d00000, 0x0000000100000000)
  eden space 94208K, 100% used [0x00000000e0000000,0x00000000e5c00000,0x00000000e5c00000)
  from space 16896K, 99% used [0x00000000e5c00000,0x00000000e6c7a288,0x00000000e6c80000)
  to   space 14336K, 0% used [0x00000000e6e80000,0x00000000e6e80000,0x00000000e7c80000)
 ParOldGen       total 98304K, used 56476K [0x00000000a0000000, 0x00000000a6000000, 0x00000000e0000000)
  object space 98304K, 57% used [0x00000000a0000000,0x00000000a37272e8,0x00000000a6000000)
 Metaspace       used 64196K, capacity 66326K, committed 66520K, reserved 1107968K
  class space    used 8416K, capacity 8882K, committed 8960K, reserved 1048576K
Event: 45.188 GC heap after
Heap after GC invocations=29 (full 3):
 PSYoungGen      total 108544K, used 10580K [0x00000000e0000000, 0x00000000e7d00000, 0x0000000100000000)
  eden space 94208K, 0% used [0x00000000e0000000,0x00000000e0000000,0x00000000e5c00000)
  from space 14336K, 73% used [0x00000000e6e80000,0x00000000e78d5230,0x00000000e7c80000)
  to   space 16896K, 0% used [0x00000000e5c00000,0x00000000e5c00000,0x00000000e6c80000)
 ParOldGen       total 98304K, used 68276K [0x00000000a0000000, 0x00000000a6000000, 0x00000000e0000000)
  object space 98304K, 69% used [0x00000000a0000000,0x00000000a42ad200,0x00000000a6000000)
 Metaspace       used 64196K, capacity 66326K, committed 66520K, reserved 1107968K
  class space    used 8416K, capacity 8882K, committed 8960K, reserved 1048576K
}

