# JRE version: OpenJDK Runtime Environment (8.0_152-b01) (build 1.8.0_152-release-915-b01)
# Java VM: OpenJDK 64-Bit Server VM (25.152-b01 mixed mode windows-amd64 compressed oops)
Heap:
 PSYoungGen      total 130560K, used 58146K [0x00000000e0000000, 0x00000000e9100000, 0x0000000100000000)
  eden space 116736K, 49% used [0x00000000e0000000,0x00000000e38c8808,0x00000000e7200000)
  from space 13824K, 0% used [0x00000000e8380000,0x00000000e8380000,0x00000000e9100000)
  to   space 15872K, 0% used [0x00000000e7200000,0x00000000e7200000,0x00000000e8180000)
 ParOldGen       total 96768K, used 34863K [0x00000000a0000000, 0x00000000a5e80000, 0x00000000e0000000)
  object space 96768K, 36% used [0x00000000a0000000,0x00000000a220bf28,0x00000000a5e80000)
 Metaspace       used 60019K, capacity 61994K, committed 62296K, reserved 1103872K
  class space    used 7980K, capacity 8454K, committed 8576K, reserved 1048576K
GC Heap History (10 events):
Event: 13.380 GC heap before
{Heap before GC invocations=15 (full 2):
 PSYoungGen      total 86016K, used 85890K [0x00000000e0000000, 0x00000000e6080000, 0x0000000100000000)
  eden space 80384K, 100% used [0x00000000e0000000,0x00000000e4e80000,0x00000000e4e80000)
  from space 5632K, 97% used [0x00000000e5b00000,0x00000000e60608c8,0x00000000e6080000)
  to   space 9216K, 0% used [0x00000000e4e80000,0x00000000e4e80000,0x00000000e5780000)
 ParOldGen       total 58880K, used 15787K [0x00000000a0000000, 0x00000000a3980000, 0x00000000e0000000)
  object space 58880K, 26% used [0x00000000a0000000,0x00000000a0f6aed8,0x00000000a3980000)
 Metaspace       used 46022K, capacity 46968K, committed 47192K, reserved 1089536K
  class space    used 6156K, capacity 6503K, committed 6528K, reserved 1048576K
Event: 13.398 GC heap after
Heap after GC invocations=15 (full 2):
 PSYoungGen      total 89600K, used 9189K [0x00000000e0000000, 0x00000000e7680000, 0x0000000100000000)
  eden space 80384K, 0% used [0x00000000e0000000,0x00000000e0000000,0x00000000e4e80000)
  from space 9216K, 99% used [0x00000000e4e80000,0x00000000e5779600,0x00000000e5780000)
  to   space 11264K, 0% used [0x00000000e6b80000,0x00000000e6b80000,0x00000000e7680000)
 ParOldGen       total 58880K, used 18635K [0x00000000a0000000, 0x00000000a3980000, 0x00000000e0000000)
  object space 58880K, 31% used [0x00000000a0000000,0x00000000a1232f20,0x00000000a3980000)
 Metaspace       used 46022K, capacity 46968K, committed 47192K, reserved 1089536K
  class space    used 6156K, capacity 6503K, committed 6528K, reserved 1048576K
}
Event: 14.484 GC heap before
{Heap before GC invocations=16 (full 2):
 PSYoungGen      total 89600K, used 89573K [0x00000000e0000000, 0x00000000e7680000, 0x0000000100000000)
  eden space 80384K, 100% used [0x00000000e0000000,0x00000000e4e80000,0x00000000e4e80000)
  from space 9216K, 99% used [0x00000000e4e80000,0x00000000e5779600,0x00000000e5780000)
  to   space 11264K, 0% used [0x00000000e6b80000,0x00000000e6b80000,0x00000000e7680000)
 ParOldGen       total 58880K, used 18635K [0x00000000a0000000, 0x00000000a3980000, 0x00000000e0000000)
  object space 58880K, 31% used [0x00000000a0000000,0x00000000a1232f20,0x00000000a3980000)
 Metaspace       used 47761K, capacity 48916K, committed 49240K, reserved 1091584K
  class space    used 6348K, capacity 6701K, committed 6784K, reserved 1048576K
Event: 14.503 GC heap after
Heap after GC invocations=16 (full 2):
 PSYoungGen      total 107520K, used 11245K [0x00000000e0000000, 0x00000000e7c80000, 0x0000000100000000)
  eden space 96256K, 0% used [0x00000000e0000000,0x00000000e0000000,0x00000000e5e00000)
  from space 11264K, 99% used [0x00000000e6b80000,0x00000000e767b578,0x00000000e7680000)
  to   space 13824K, 0% used [0x00000000e5e00000,0x00000000e5e00000,0x00000000e6b80000)
 ParOldGen       total 58880K, used 20860K [0x00000000a0000000, 0x00000000a3980000, 0x00000000e0000000)
  object space 58880K, 35% used [0x00000000a0000000,0x00000000a145f350,0x00000000a3980000)
 Metaspace       used 47761K, capacity 48916K, committed 49240K, reserved 1091584K
  class space    used 6348K, capacity 6701K, committed 6784K, reserved 1048576K
}
Event: 17.116 GC heap before
{Heap before GC invocations=17 (full 2):
 PSYoungGen      total 107520K, used 107501K [0x00000000e0000000, 0x00000000e7c80000, 0x0000000100000000)
  eden space 96256K, 100% used [0x00000000e0000000,0x00000000e5e00000,0x00000000e5e00000)
  from space 11264K, 99% used [0x00000000e6b80000,0x00000000e767b578,0x00000000e7680000)
  to   space 13824K, 0% used [0x00000000e5e00000,0x00000000e5e00000,0x00000000e6b80000)
 ParOldGen       total 58880K, used 20860K [0x00000000a0000000, 0x00000000a3980000, 0x00000000e0000000)
  object space 58880K, 35% used [0x00000000a0000000,0x00000000a145f350,0x00000000a3980000)
 Metaspace       used 52834K, capacity 54442K, committed 54616K, reserved 1095680K
  class space    used 7121K, capacity 7540K, committed 7552K, reserved 1048576K
Event: 17.156 GC heap after
Heap after GC invocations=17 (full 2):
 PSYoungGen      total 110080K, used 10386K [0x00000000e0000000, 0x00000000e9180000, 0x0000000100000000)
  eden space 96256K, 0% used [0x00000000e0000000,0x00000000e0000000,0x00000000e5e00000)
  from space 13824K, 75% used [0x00000000e5e00000,0x00000000e6824be0,0x00000000e6b80000)
  to   space 14336K, 0% used [0x00000000e8380000,0x00000000e8380000,0x00000000e9180000)
 ParOldGen       total 58880K, used 29477K [0x00000000a0000000, 0x00000000a3980000, 0x00000000e0000000)
  object space 58880K, 50% used [0x00000000a0000000,0x00000000a1cc9428,0x00000000a3980000)
 Metaspace       used 52834K, capacity 54442K, committed 54616K, reserved 1095680K
  class space    used 7121K, capacity 7540K, committed 7552K, reserved 1048576K
}
Event: 30.914 GC heap before
{Heap before GC invocations=18 (full 2):
 PSYoungGen      total 110080K, used 76471K [0x00000000e0000000, 0x00000000e9180000, 0x0000000100000000)
  eden space 96256K, 68% used [0x00000000e0000000,0x00000000e4089138,0x00000000e5e00000)
  from space 13824K, 75% used [0x00000000e5e00000,0x00000000e6824be0,0x00000000e6b80000)
  to   space 14336K, 0% used [0x00000000e8380000,0x00000000e8380000,0x00000000e9180000)
 ParOldGen       total 58880K, used 29477K [0x00000000a0000000, 0x00000000a3980000, 0x00000000e0000000)
  object space 58880K, 50% used [0x00000000a0000000,0x00000000a1cc9428,0x00000000a3980000)
 Metaspace       used 57020K, capacity 58922K, committed 59028K, reserved 1099776K
  class space    used 7683K, capacity 8134K, committed 8192K, reserved 1048576K
Event: 30.936 GC heap after
Heap after GC invocations=18 (full 2):
 PSYoungGen      total 130560K, used 13428K [0x00000000e0000000, 0x00000000e9100000, 0x0000000100000000)
  eden space 116736K, 0% used [0x00000000e0000000,0x00000000e0000000,0x00000000e7200000)
  from space 13824K, 97% used [0x00000000e8380000,0x00000000e909d1d8,0x00000000e9100000)
  to   space 15872K, 0% used [0x00000000e7200000,0x00000000e7200000,0x00000000e8180000)
 ParOldGen       total 58880K, used 29485K [0x00000000a0000000, 0x00000000a3980000, 0x00000000e0000000)
  object space 58880K, 50% used [0x00000000a0000000,0x00000000a1ccb428,0x00000000a3980000)
 Metaspace       used 57020K, capacity 58922K, committed 59028K, reserved 1099776K
  class space    used 7683K, capacity 8134K, committed 8192K, reserved 1048576K
}
Event: 30.936 GC heap before
{Heap before GC invocations=19 (full 3):
 PSYoungGen      total 130560K, used 13428K [0x00000000e0000000, 0x00000000e9100000, 0x0000000100000000)
  eden space 116736K, 0% used [0x00000000e0000000,0x00000000e0000000,0x00000000e7200000)
  from space 13824K, 97% used [0x00000000e8380000,0x00000000e909d1d8,0x00000000e9100000)
  to   space 15872K, 0% used [0x00000000e7200000,0x00000000e7200000,0x00000000e8180000)
 ParOldGen       total 58880K, used 29485K [0x00000000a0000000, 0x00000000a3980000, 0x00000000e0000000)
  object space 58880K, 50% used [0x00000000a0000000,0x00000000a1ccb428,0x00000000a3980000)
 Metaspace       used 57020K, capacity 58922K, committed 59028K, reserved 1099776K
  class space    used 7683K, capacity 8134K, committed 8192K, reserved 1048576K
Event: 31.312 GC heap after
Heap after GC invocations=19 (full 3):
 PSYoungGen      total 130560K, used 0K [0x00000000e0000000, 0x00000000e9100000, 0x0000000100000000)
  eden space 116736K, 0% used [0x00000000e0000000,0x00000000e0000000,0x00000000e7200000)
  from space 13824K, 0% used [0x00000000e8380000,0x00000000e8380000,0x00000000e9100000)
  to   space 15872K, 0% used [0x00000000e7200000,0x00000000e7200000,0x00000000e8180000)
 ParOldGen       total 96768K, used 34863K [0x00000000a0000000, 0x00000000a5e80000, 0x00000000e0000000)
  object space 96768K, 36% used [0x00000000a0000000,0x00000000a220bf28,0x00000000a5e80000)
 Metaspace       used 57020K, capacity 58922K, committed 59028K, reserved 1099776K
  class space    used 7683K, capacity 8134K, committed 8192K, reserved 1048576K
}

